lvalue -> id
const -> number
primary -> const
term -> primary
expr -> term
expr -> assignexpr
stmt -> expr;
liststmt -> stmt
lvalue -> id
const -> number
primary -> const
term -> primary
expr -> term
expr -> assignexpr
stmt -> expr;
liststmt -> liststmt stmt
lvalue -> id
const -> number
primary -> const
term -> primary
expr -> term
expr -> assignexpr
stmt -> expr;
liststmt -> liststmt stmt
Scope up to 1
idlist -> id,id*
idlist -> id,id*
lvalue -> id
lvalue -> id
primary -> lvalue
term -> primary
expr -> term
expr -> assignexpr
stmt -> expr;
liststmt -> stmt
lvalue -> ::id
lvalue -> id
primary -> lvalue
term -> primary
expr -> term
expr -> assignexpr
stmt -> expr;
liststmt -> liststmt stmt
Scope up to 2
idlist -> ε
lvalue -> ::id
lvalue -> id
primary -> lvalue
term -> primary
expr -> term
expr -> assignexpr
stmt -> expr;
liststmt -> stmt
lvalue -> ::id
lvalue -> id
primary -> lvalue
term -> primary
expr -> term
expr -> assignexpr
stmt -> expr;
liststmt -> liststmt stmt
Scope down to 1
block -> stmt*
function id (idlist) block
stmt -> funcdef
liststmt -> liststmt stmt
Scope down to 0
block -> stmt*
function id (idlist) block
stmt -> funcdef
liststmt -> liststmt stmt
lvalue -> id
term -> lvalue++
expr -> term
stmt -> expr;
liststmt -> liststmt stmt
program -> stmt+




----------------Symbol Table Entries-------------------------

SymTableEntry: <name>=g, <args>=(void), <scope>=1, <line>=13, <type>=user function
SymTableEntry: <name>=i, <scope>=0, <line>=2, <type>=global variable
SymTableEntry: <name>=x, <scope>=1, <line>=6, <type>=formal argument
SymTableEntry: <name>=x, <scope>=0, <line>=3, <type>=global variable
SymTableEntry: <name>=y, <scope>=1, <line>=6, <type>=formal argument
SymTableEntry: <name>=y, <scope>=0, <line>=4, <type>=global variable
SymTableEntry: <name>=objecttotalmembers, <args>=(void), <scope>=0, <line>=0, <type>=library function
SymTableEntry: <name>=cos, <args>=(void), <scope>=0, <line>=0, <type>=library function
SymTableEntry: <name>=print, <args>=(void), <scope>=0, <line>=0, <type>=library function
SymTableEntry: <name>=strtonum, <args>=(void), <scope>=0, <line>=0, <type>=library function
SymTableEntry: <name>=objectcopy, <args>=(void), <scope>=0, <line>=0, <type>=library function
SymTableEntry: <name>=totalarguments, <args>=(void), <scope>=0, <line>=0, <type>=library function
SymTableEntry: <name>=sin, <args>=(void), <scope>=0, <line>=0, <type>=library function
SymTableEntry: <name>=objectmemberkeys, <args>=(void), <scope>=0, <line>=0, <type>=library function
SymTableEntry: <name>=input, <args>=(void), <scope>=0, <line>=0, <type>=library function
SymTableEntry: <name>=sqrt, <args>=(void), <scope>=0, <line>=0, <type>=library function
SymTableEntry: <name>=foo, <args>=(x, y), <scope>=0, <line>=14, <type>=user function
SymTableEntry: <name>=typeof, <args>=(void), <scope>=0, <line>=0, <type>=library function
SymTableEntry: <name>=argument, <args>=(void), <scope>=0, <line>=0, <type>=library function
